# JRE version: Java(TM) SE Runtime Environment (8.0_211-b12) (build 1.8.0_211-b12)
# Java VM: Java HotSpot(TM) 64-Bit Server VM (25.211-b12 mixed mode windows-amd64 compressed oops)
Heap:
 PSYoungGen      total 133632K, used 35501K [0x00000000f5580000, 0x0000000100000000, 0x0000000100000000)
  eden space 113152K, 13% used [0x00000000f5580000,0x00000000f6434dc0,0x00000000fc400000)
  from space 20480K, 99% used [0x00000000fec00000,0x00000000fffff4f0,0x0000000100000000)
  to   space 30720K, 0% used [0x00000000fc400000,0x00000000fc400000,0x00000000fe200000)
 ParOldGen       total 280064K, used 52993K [0x00000000e0000000, 0x00000000f1180000, 0x00000000f5580000)
  object space 280064K, 18% used [0x00000000e0000000,0x00000000e33c0770,0x00000000f1180000)
 Metaspace       used 75113K, capacity 79470K, committed 79616K, reserved 1118208K
  class space    used 10550K, capacity 11463K, committed 11520K, reserved 1048576K
GC Heap History (10 events):
Event: 70.867 GC heap before
{Heap before GC invocations=13 (full 2):
 PSYoungGen      total 153600K, used 69565K [0x00000000f5580000, 0x0000000100000000, 0x0000000100000000)
  eden space 139776K, 39% used [0x00000000f5580000,0x00000000f8bf4a78,0x00000000fde00000)
  from space 13824K, 99% used [0x00000000fee80000,0x00000000ffbfab68,0x00000000ffc00000)
  to   space 16896K, 0% used [0x00000000fde00000,0x00000000fde00000,0x00000000fee80000)
 ParOldGen       total 195584K, used 21978K [0x00000000e0000000, 0x00000000ebf00000, 0x00000000f5580000)
  object space 195584K, 11% used [0x00000000e0000000,0x00000000e1576980,0x00000000ebf00000)
 Metaspace       used 56538K, capacity 59016K, committed 59136K, reserved 1099776K
  class space    used 7884K, capacity 8444K, committed 8448K, reserved 1048576K
Event: 70.945 GC heap after
Heap after GC invocations=13 (full 2):
 PSYoungGen      total 156672K, used 16874K [0x00000000f5580000, 0x0000000100000000, 0x0000000100000000)
  eden space 139776K, 0% used [0x00000000f5580000,0x00000000f5580000,0x00000000fde00000)
  from space 16896K, 99% used [0x00000000fde00000,0x00000000fee7ab48,0x00000000fee80000)
  to   space 17920K, 0% used [0x00000000fee80000,0x00000000fee80000,0x0000000100000000)
 ParOldGen       total 195584K, used 25478K [0x00000000e0000000, 0x00000000ebf00000, 0x00000000f5580000)
  object space 195584K, 13% used [0x00000000e0000000,0x00000000e18e1ac0,0x00000000ebf00000)
 Metaspace       used 56538K, capacity 59016K, committed 59136K, reserved 1099776K
  class space    used 7884K, capacity 8444K, committed 8448K, reserved 1048576K
}
Event: 70.945 GC heap before
{Heap before GC invocations=14 (full 3):
 PSYoungGen      total 156672K, used 16874K [0x00000000f5580000, 0x0000000100000000, 0x0000000100000000)
  eden space 139776K, 0% used [0x00000000f5580000,0x00000000f5580000,0x00000000fde00000)
  from space 16896K, 99% used [0x00000000fde00000,0x00000000fee7ab48,0x00000000fee80000)
  to   space 17920K, 0% used [0x00000000fee80000,0x00000000fee80000,0x0000000100000000)
 ParOldGen       total 195584K, used 25478K [0x00000000e0000000, 0x00000000ebf00000, 0x00000000f5580000)
  object space 195584K, 13% used [0x00000000e0000000,0x00000000e18e1ac0,0x00000000ebf00000)
 Metaspace       used 56538K, capacity 59016K, committed 59136K, reserved 1099776K
  class space    used 7884K, capacity 8444K, committed 8448K, reserved 1048576K
Event: 71.498 GC heap after
Heap after GC invocations=14 (full 3):
 PSYoungGen      total 156672K, used 0K [0x00000000f5580000, 0x0000000100000000, 0x0000000100000000)
  eden space 139776K, 0% used [0x00000000f5580000,0x00000000f5580000,0x00000000fde00000)
  from space 16896K, 0% used [0x00000000fde00000,0x00000000fde00000,0x00000000fee80000)
  to   space 17920K, 0% used [0x00000000fee80000,0x00000000fee80000,0x0000000100000000)
 ParOldGen       total 280064K, used 36565K [0x00000000e0000000, 0x00000000f1180000, 0x00000000f5580000)
  object space 280064K, 13% used [0x00000000e0000000,0x00000000e23b56f0,0x00000000f1180000)
 Metaspace       used 56517K, capacity 58944K, committed 59136K, reserved 1099776K
  class space    used 7877K, capacity 8432K, committed 8448K, reserved 1048576K
}
Event: 77.894 GC heap before
{Heap before GC invocations=15 (full 3):
 PSYoungGen      total 156672K, used 139776K [0x00000000f5580000, 0x0000000100000000, 0x0000000100000000)
  eden space 139776K, 100% used [0x00000000f5580000,0x00000000fde00000,0x00000000fde00000)
  from space 16896K, 0% used [0x00000000fde00000,0x00000000fde00000,0x00000000fee80000)
  to   space 17920K, 0% used [0x00000000fee80000,0x00000000fee80000,0x0000000100000000)
 ParOldGen       total 280064K, used 36565K [0x00000000e0000000, 0x00000000f1180000, 0x00000000f5580000)
  object space 280064K, 13% used [0x00000000e0000000,0x00000000e23b56f0,0x00000000f1180000)
 Metaspace       used 61073K, capacity 64278K, committed 64384K, reserved 1103872K
  class space    used 8615K, capacity 9298K, committed 9344K, reserved 1048576K
Event: 77.917 GC heap after
Heap after GC invocations=15 (full 3):
 PSYoungGen      total 151552K, used 15270K [0x00000000f5580000, 0x0000000100000000, 0x0000000100000000)
  eden space 133632K, 0% used [0x00000000f5580000,0x00000000f5580000,0x00000000fd800000)
  from space 17920K, 85% used [0x00000000fee80000,0x00000000ffd699b8,0x0000000100000000)
  to   space 20480K, 0% used [0x00000000fd800000,0x00000000fd800000,0x00000000fec00000)
 ParOldGen       total 280064K, used 36573K [0x00000000e0000000, 0x00000000f1180000, 0x00000000f5580000)
  object space 280064K, 13% used [0x00000000e0000000,0x00000000e23b76f0,0x00000000f1180000)
 Metaspace       used 61073K, capacity 64278K, committed 64384K, reserved 1103872K
  class space    used 8615K, capacity 9298K, committed 9344K, reserved 1048576K
}
Event: 83.093 GC heap before
{Heap before GC invocations=16 (full 3):
 PSYoungGen      total 151552K, used 148902K [0x00000000f5580000, 0x0000000100000000, 0x0000000100000000)
  eden space 133632K, 100% used [0x00000000f5580000,0x00000000fd800000,0x00000000fd800000)
  from space 17920K, 85% used [0x00000000fee80000,0x00000000ffd699b8,0x0000000100000000)
  to   space 20480K, 0% used [0x00000000fd800000,0x00000000fd800000,0x00000000fec00000)
 ParOldGen       total 280064K, used 36573K [0x00000000e0000000, 0x00000000f1180000, 0x00000000f5580000)
  object space 280064K, 13% used [0x00000000e0000000,0x00000000e23b76f0,0x00000000f1180000)
 Metaspace       used 69377K, capacity 72952K, committed 73088K, reserved 1112064K
  class space    used 9776K, capacity 10562K, committed 10624K, reserved 1048576K
Event: 83.159 GC heap after
Heap after GC invocations=16 (full 3):
 PSYoungGen      total 154112K, used 20457K [0x00000000f5580000, 0x0000000100000000, 0x0000000100000000)
  eden space 133632K, 0% used [0x00000000f5580000,0x00000000f5580000,0x00000000fd800000)
  from space 20480K, 99% used [0x00000000fd800000,0x00000000febfa4c0,0x00000000fec00000)
  to   space 20480K, 0% used [0x00000000fec00000,0x00000000fec00000,0x0000000100000000)
 ParOldGen       total 280064K, used 42239K [0x00000000e0000000, 0x00000000f1180000, 0x00000000f5580000)
  object space 280064K, 15% used [0x00000000e0000000,0x00000000e293fd58,0x00000000f1180000)
 Metaspace       used 69377K, capacity 72952K, committed 73088K, reserved 1112064K
  class space    used 9776K, capacity 10562K, committed 10624K, reserved 1048576K
}
Event: 88.347 GC heap before
{Heap before GC invocations=17 (full 3):
 PSYoungGen      total 154112K, used 154089K [0x00000000f5580000, 0x0000000100000000, 0x0000000100000000)
  eden space 133632K, 100% used [0x00000000f5580000,0x00000000fd800000,0x00000000fd800000)
  from space 20480K, 99% used [0x00000000fd800000,0x00000000febfa4c0,0x00000000fec00000)
  to   space 20480K, 0% used [0x00000000fec00000,0x00000000fec00000,0x0000000100000000)
 ParOldGen       total 280064K, used 42239K [0x00000000e0000000, 0x00000000f1180000, 0x00000000f5580000)
  object space 280064K, 15% used [0x00000000e0000000,0x00000000e293fd58,0x00000000f1180000)
 Metaspace       used 74953K, capacity 79296K, committed 79616K, reserved 1118208K
  class space    used 10538K, capacity 11454K, committed 11520K, reserved 1048576K
Event: 88.495 GC heap after
Heap after GC invocations=17 (full 3):
 PSYoungGen      total 133632K, used 20477K [0x00000000f5580000, 0x0000000100000000, 0x0000000100000000)
  eden space 113152K, 0% used [0x00000000f5580000,0x00000000f5580000,0x00000000fc400000)
  from space 20480K, 99% used [0x00000000fec00000,0x00000000fffff4f0,0x0000000100000000)
  to   space 30720K, 0% used [0x00000000fc400000,0x00000000fc400000,0x00000000fe200000)
 ParOldGen       total 280064K, used 52993K [0x00000000e0000000, 0x00000000f1180000, 0x00000000f5580000)
  object space 280064K, 18% used [0x00000000e0000000,0x00000000e33c0770,0x00000000f1180000)
 Metaspace       used 74953K, capacity 79296K, committed 79616K, reserved 1118208K
  class space    used 10538K, capacity 11454K, committed 11520K, reserved 1048576K
}

